
OpenSBI v0.4 (Jul  2 2019 11:53:53)
   ____                    _____ ____ _____
  / __ \                  / ____|  _ \_   _|
 | |  | |_ __   ___ _ __ | (___ | |_) || |
 | |  | | '_ \ / _ \ '_ \ \___ \|  _ < | |
 | |__| | |_) |  __/ | | |____) | |_) || |_
  \____/| .__/ \___|_| |_|_____/|____/_____|
        | |
        |_|

Platform Name          : QEMU Virt Machine
Platform HART Features : RV64ACDFIMSU
Platform Max HARTs     : 8
Current Hart           : 0
Firmware Base          : 0x80000000
Firmware Size          : 112 KB
Runtime SBI Version    : 0.1

PMP0: 0x0000000080000000-0x000000008001ffff (A)
PMP1: 0x0000000000000000-0xffffffffffffffff (A,R,W,X)
DTB Init
HartID: 0
DTB Address: 0x82200000
Physical Memory from DTB:
  Base: 0x0000000080000000
  Size: 0x0000000008000000 (128 MB)
  End:  0x0000000087ffffff
DTB init completed
(THU.CST) os is loading ...

Special kernel symbols:
  entry  0xc020004a (virtual)
  etext  0xc02057f6 (virtual)
  edata  0xc02a63f8 (virtual)
  end    0xc02aa8a4 (virtual)
Kernel executable memory footprint: 683KB
memory management: default_pmm_manager
physcial memory map:
  memory: 0x08000000, [0x80000000, 0x87ffffff].
vapaofset is 18446744070488326144
check_alloc_page() succeeded!
check_pgdir() succeeded!
check_boot_pgdir() succeeded!
use SLOB allocator
kmalloc_init() succeeded!
check_vma_struct() succeeded!
check_vmm() succeeded.
++ setup timer interrupts
[DEBUG] proc_run: proc->pgdir=0x8020a000, calling lsatp
[DEBUG] proc_run: proc->pgdir=0x8020a000, calling lsatp
kernel_execve: pid = 2, name = "forktest".
Breakpoint
[DEBUG] setup_pgdir: new pgdir=0xffffffffc04b1000, boot_pgdir_va=0xffffffffc020a000
[DEBUG] load_icode: mm->pgdir=0xffffffffc04b1000 (before PADDR)
[DEBUG] load_icode: current->pgdir=0x804b1000 (after PADDR)
[DEBUG] setup_pgdir: new pgdir=0xffffffffc04bd000, boot_pgdir_va=0xffffffffc020a000
[DEBUG] copy_mm: mm->pgdir=0xffffffffc04bd000 (before PADDR)
[DEBUG] copy_mm: proc->pgdir=0x804bd000 (after PADDR)
[DEBUG] proc_run: proc->pgdir=0x804bd000, calling lsatp
[DEBUG] proc_run: proc->pgdir=0x804b1000, calling lsatp
[DEBUG] proc_run: proc->pgdir=0x804bd000, calling lsatp
[DEBUG] proc_run: proc->pgdir=0x804b1000, calling lsatp
[DEBUG] proc_run: proc->pgdir=0x804bd000, calling lsatp
[DEBUG] proc_run: proc->pgdir=0x804b1000, calling lsatp
[DEBUG] proc_run: proc->pgdir=0x804bd000, calling lsatp
[DEBUG] proc_run: proc->pgdir=0x804b1000, calling lsatp
[DEBUG] proc_run: proc->pgdir=0x804bd000, calling lsatp
[DEBUG] proc_run: proc->pgdir=0x804b1000, calling lsatp
[DEBUG] proc_run: proc->pgdir=0x804bd000, calling lsatp
[DEBUG] proc_run: proc->pgdir=0x804b1000, calling lsatp
[DEBUG] proc_run: proc->pgdir=0x804bd000, calling lsatp
[DEBUG] proc_run: proc->pgdir=0x804b1000, calling lsatp
[DEBUG] proc_run: proc->pgdir=0x804bd000, calling lsatp
[DEBUG] proc_run: proc->pgdir=0x804b1000, calling lsatp
[DEBUG] proc_run: proc->pgdir=0x804bd000, calling lsatp
[DEBUG] proc_run: proc->pgdir=0x804b1000, calling lsatp
[DEBUG] proc_run: proc->pgdir=0x804bd000, calling lsatp
[DEBUG] proc_run: proc->pgdir=0x804b1000, calling lsatp
[DEBUG] proc_run: proc->pgdir=0x804bd000, calling lsatp
[DEBUG] proc_run: proc->pgdir=0x804b1000, calling lsatp
[DEBUG] setup_pgdir: new pgdir=0xffffffffc04c9000, boot_pgdir_va=0xffffffffc020a000
[DEBUG] copy_mm: mm->pgdir=0xffffffffc04c9000 (before PADDR)
[DEBUG] copy_mm: proc->pgdir=0x804c9000 (after PADDR)
[DEBUG] proc_run: proc->pgdir=0x804c9000, calling lsatp
[DEBUG] proc_run: proc->pgdir=0x804bd000, calling lsatp
[DEBUG] proc_run: proc->pgdir=0x804b1000, calling lsatp
[DEBUG] setup_pgdir: new pgdir=0xffffffffc04d5000, boot_pgdir_va=0xffffffffc020a000
[DEBUG] copy_mm: mm->pgdir=0xffffffffc04d5000 (before PADDR)
[DEBUG] copy_mm: proc->pgdir=0x804d5000 (after PADDR)
[DEBUG] proc_run: proc->pgdir=0x804d5000, calling lsatp
[DEBUG] proc_run: proc->pgdir=0x804c9000, calling lsatp
[DEBUG] proc_run: proc->pgdir=0x804bd000, calling lsatp
[DEBUG] proc_run: proc->pgdir=0x804b1000, calling lsatp
[DEBUG] setup_pgdir: new pgdir=0xffffffffc04e1000, boot_pgdir_va=0xffffffffc020a000
[DEBUG] copy_mm: mm->pgdir=0xffffffffc04e1000 (before PADDR)
[DEBUG] copy_mm: proc->pgdir=0x804e1000 (after PADDR)
[DEBUG] proc_run: proc->pgdir=0x804e1000, calling lsatp
[DEBUG] proc_run: proc->pgdir=0x804d5000, calling lsatp
[DEBUG] proc_run: proc->pgdir=0x804c9000, calling lsatp
[DEBUG] proc_run: proc->pgdir=0x804bd000, calling lsatp
I[DEBUG] proc_run: proc->pgdir=0x804b1000, calling lsatp
[DEBUG] setup_pgdir: new pgdir=0xffffffffc04ed000, boot_pgdir_va=0xffffffffc020a000
[DEBUG] copy_mm: mm->pgdir=0xffffffffc04ed000 (before PADDR)
[DEBUG] copy_mm: proc->pgdir=0x804ed000 (after PADDR)
[DEBUG] proc_run: proc->pgdir=0x804ed000, calling lsatp
[DEBUG] proc_run: proc->pgdir=0x804e1000, calling lsatp
[DEBUG] proc_run: proc->pgdir=0x804d5000, calling lsatp
[DEBUG] proc_run: proc->pgdir=0x804c9000, calling lsatp
[DEBUG] proc_run: proc->pgdir=0x804bd000, calling lsatp
[DEBUG] proc_run: proc->pgdir=0x804b1000, calling lsatp
[DEBUG] setup_pgdir: new pgdir=0xffffffffc04f9000, boot_pgdir_va=0xffffffffc020a000
[DEBUG] copy_mm: mm->pgdir=0xffffffffc04f9000 (before PADDR)
[DEBUG] copy_mm: proc->pgdir=0x804f9000 (after PADDR)
[DEBUG] proc_run: proc->pgdir=0x804f9000, calling lsatp
[DEBUG] proc_run: proc->pgdir=0x804ed000, calling lsatp
[DEBUG] proc_run: proc->pgdir=0x804e1000, calling lsatp
[DEBUG] proc_run: proc->pgdir=0x804d5000, calling lsatp
[DEBUG] proc_run: proc->pgdir=0x804c9000, calling lsatp
[DEBUG] proc_run: proc->pgdir=0x804bd000, calling lsatp
[DEBUG] proc_run: proc->pgdir=0x804b1000, calling lsatp
[DEBUG] setup_pgdir: new pgdir=0xffffffffc0505000, boot_pgdir_va=0xffffffffc020a000
[DEBUG] copy_mm: mm->pgdir=0xffffffffc0505000 (before PADDR)
[DEBUG] copy_mm: proc->pgdir=0x80505000 (after PADDR)
[DEBUG] proc_run: proc->pgdir=0x80505000, calling lsatp
[DEBUG] proc_run: proc->pgdir=0x804f9000, calling lsatp
[DEBUG] proc_run: proc->pgdir=0x804ed000, calling lsatp
[DEBUG] proc_run: proc->pgdir=0x804e1000, calling lsatp
[DEBUG] proc_run: proc->pgdir=0x804d5000, calling lsatp
[DEBUG] proc_run: proc->pgdir=0x804c9000, calling lsatp
[DEBUG] proc_run: proc->pgdir=0x804bd000, calling lsatp
 [DEBUG] proc_run: proc->pgdir=0x804b1000, calling lsatp
[DEBUG] proc_run: proc->pgdir=0x80505000, calling lsatp
[DEBUG] proc_run: proc->pgdir=0x804f9000, calling lsatp
[DEBUG] proc_run: proc->pgdir=0x804ed000, calling lsatp
[DEBUG] proc_run: proc->pgdir=0x804e1000, calling lsatp
[DEBUG] proc_run: proc->pgdir=0x804d5000, calling lsatp
[DEBUG] proc_run: proc->pgdir=0x804c9000, calling lsatp
[DEBUG] proc_run: proc->pgdir=0x804bd000, calling lsatp
a[DEBUG] proc_run: proc->pgdir=0x804b1000, calling lsatp
[DEBUG] setup_pgdir: new pgdir=0xffffffffc0511000, boot_pgdir_va=0xffffffffc020a000
[DEBUG] copy_mm: mm->pgdir=0xffffffffc0511000 (before PADDR)
[DEBUG] copy_mm: proc->pgdir=0x80511000 (after PADDR)
[DEBUG] proc_run: proc->pgdir=0x80511000, calling lsatp
[DEBUG] proc_run: proc->pgdir=0x80505000, calling lsatp
[DEBUG] proc_run: proc->pgdir=0x804f9000, calling lsatp
[DEBUG] proc_run: proc->pgdir=0x804ed000, calling lsatp
[DEBUG] proc_run: proc->pgdir=0x804e1000, calling lsatp
[DEBUG] proc_run: proc->pgdir=0x804d5000, calling lsatp
[DEBUG] proc_run: proc->pgdir=0x804c9000, calling lsatp
[DEBUG] proc_run: proc->pgdir=0x804bd000, calling lsatp
m[DEBUG] proc_run: proc->pgdir=0x804b1000, calling lsatp
[DEBUG] setup_pgdir: new pgdir=0xffffffffc051d000, boot_pgdir_va=0xffffffffc020a000
[DEBUG] copy_mm: mm->pgdir=0xffffffffc051d000 (before PADDR)
[DEBUG] copy_mm: proc->pgdir=0x8051d000 (after PADDR)
[DEBUG] proc_run: proc->pgdir=0x8051d000, calling lsatp
[DEBUG] proc_run: proc->pgdir=0x80511000, calling lsatp
[DEBUG] proc_run: proc->pgdir=0x80505000, calling lsatp
[DEBUG] proc_run: proc->pgdir=0x804f9000, calling lsatp
[DEBUG] proc_run: proc->pgdir=0x804ed000, calling lsatp
[DEBUG] proc_run: proc->pgdir=0x804e1000, calling lsatp
[DEBUG] proc_run: proc->pgdir=0x804d5000, calling lsatp
[DEBUG] proc_run: proc->pgdir=0x804c9000, calling lsatp
[DEBUG] proc_run: proc->pgdir=0x804bd000, calling lsatp
 [DEBUG] proc_run: proc->pgdir=0x804b1000, calling lsatp
[DEBUG] setup_pgdir: new pgdir=0xffffffffc0529000, boot_pgdir_va=0xffffffffc020a000
[DEBUG] copy_mm: mm->pgdir=0xffffffffc0529000 (before PADDR)
[DEBUG] copy_mm: proc->pgdir=0x80529000 (after PADDR)
[DEBUG] proc_run: proc->pgdir=0x80529000, calling lsatp
[DEBUG] proc_run: proc->pgdir=0x8051d000, calling lsatp
[DEBUG] proc_run: proc->pgdir=0x80511000, calling lsatp
[DEBUG] proc_run: proc->pgdir=0x80505000, calling lsatp
[DEBUG] proc_run: proc->pgdir=0x804f9000, calling lsatp
[DEBUG] proc_run: proc->pgdir=0x804ed000, calling lsatp
[DEBUG] proc_run: proc->pgdir=0x804e1000, calling lsatp
[DEBUG] proc_run: proc->pgdir=0x804d5000, calling lsatp
[DEBUG] proc_run: proc->pgdir=0x804c9000, calling lsatp
[DEBUG] proc_run: proc->pgdir=0x804bd000, calling lsatp
c[DEBUG] proc_run: proc->pgdir=0x804b1000, calling lsatp
[DEBUG] setup_pgdir: new pgdir=0xffffffffc0535000, boot_pgdir_va=0xffffffffc020a000
[DEBUG] copy_mm: mm->pgdir=0xffffffffc0535000 (before PADDR)
[DEBUG] copy_mm: proc->pgdir=0x80535000 (after PADDR)
[DEBUG] proc_run: proc->pgdir=0x80535000, calling lsatp
[DEBUG] proc_run: proc->pgdir=0x80529000, calling lsatp
100 ticks
[DEBUG] proc_run: proc->pgdir=0x8051d000, calling lsatp
[DEBUG] proc_run: proc->pgdir=0x80511000, calling lsatp
[DEBUG] proc_run: proc->pgdir=0x80505000, calling lsatp
[DEBUG] proc_run: proc->pgdir=0x804f9000, calling lsatp
[DEBUG] proc_run: proc->pgdir=0x804ed000, calling lsatp
[DEBUG] proc_run: proc->pgdir=0x804e1000, calling lsatp
[DEBUG] proc_run: proc->pgdir=0x804d5000, calling lsatp
[DEBUG] proc_run: proc->pgdir=0x804c9000, calling lsatp
[DEBUG] proc_run: proc->pgdir=0x804bd000, calling lsatp
h[DEBUG] proc_run: proc->pgdir=0x804b1000, calling lsatp
[DEBUG] setup_pgdir: new pgdir=0xffffffffc0541000, boot_pgdir_va=0xffffffffc020a000
[DEBUG] copy_mm: mm->pgdir=0xffffffffc0541000 (before PADDR)
[DEBUG] copy_mm: proc->pgdir=0x80541000 (after PADDR)
[DEBUG] proc_run: proc->pgdir=0x80541000, calling lsatp
[DEBUG] proc_run: proc->pgdir=0x80535000, calling lsatp
[DEBUG] proc_run: proc->pgdir=0x80529000, calling lsatp
[DEBUG] proc_run: proc->pgdir=0x8051d000, calling lsatp
[DEBUG] proc_run: proc->pgdir=0x80511000, calling lsatp
[DEBUG] proc_run: proc->pgdir=0x80505000, calling lsatp
[DEBUG] proc_run: proc->pgdir=0x804f9000, calling lsatp
[DEBUG] proc_run: proc->pgdir=0x804ed000, calling lsatp
[DEBUG] proc_run: proc->pgdir=0x804e1000, calling lsatp
[DEBUG] proc_run: proc->pgdir=0x804d5000, calling lsatp
[DEBUG] proc_run: proc->pgdir=0x804c9000, calling lsatp
[DEBUG] proc_run: proc->pgdir=0x804bd000, calling lsatp
i[DEBUG] proc_run: proc->pgdir=0x804b1000, calling lsatp
[DEBUG] proc_run: proc->pgdir=0x80541000, calling lsatp
[DEBUG] proc_run: proc->pgdir=0x80535000, calling lsatp
[DEBUG] proc_run: proc->pgdir=0x80529000, calling lsatp
[DEBUG] proc_run: proc->pgdir=0x8051d000, calling lsatp
[DEBUG] proc_run: proc->pgdir=0x80511000, calling lsatp
[DEBUG] proc_run: proc->pgdir=0x80505000, calling lsatp
[DEBUG] proc_run: proc->pgdir=0x804f9000, calling lsatp
[DEBUG] proc_run: proc->pgdir=0x804ed000, calling lsatp
[DEBUG] proc_run: proc->pgdir=0x804e1000, calling lsatp
[DEBUG] proc_run: proc->pgdir=0x804d5000, calling lsatp
I[DEBUG] proc_run: proc->pgdir=0x804c9000, calling lsatp
[DEBUG] proc_run: proc->pgdir=0x804bd000, calling lsatp
l[DEBUG] proc_run: proc->pgdir=0x804b1000, calling lsatp
[DEBUG] proc_run: proc->pgdir=0x80541000, calling lsatp
[DEBUG] proc_run: proc->pgdir=0x80535000, calling lsatp
[DEBUG] proc_run: proc->pgdir=0x80529000, calling lsatp
[DEBUG] proc_run: proc->pgdir=0x8051d000, calling lsatp
[DEBUG] proc_run: proc->pgdir=0x80511000, calling lsatp
[DEBUG] proc_run: proc->pgdir=0x80505000, calling lsatp
[DEBUG] proc_run: proc->pgdir=0x804f9000, calling lsatp
[DEBUG] proc_run: proc->pgdir=0x804ed000, calling lsatp
[DEBUG] proc_run: proc->pgdir=0x804e1000, calling lsatp
[DEBUG] proc_run: proc->pgdir=0x804d5000, calling lsatp
[DEBUG] proc_run: proc->pgdir=0x804c9000, calling lsatp
[DEBUG] proc_run: proc->pgdir=0x804bd000, calling lsatp
[DEBUG] proc_run: proc->pgdir=0x804b1000, calling lsatp
[DEBUG] setup_pgdir: new pgdir=0xffffffffc054d000, boot_pgdir_va=0xffffffffc020a000
[DEBUG] copy_mm: mm->pgdir=0xffffffffc054d000 (before PADDR)
[DEBUG] copy_mm: proc->pgdir=0x8054d000 (after PADDR)
[DEBUG] proc_run: proc->pgdir=0x8054d000, calling lsatp
[DEBUG] proc_run: proc->pgdir=0x80541000, calling lsatp
[DEBUG] proc_run: proc->pgdir=0x80535000, calling lsatp
[DEBUG] proc_run: proc->pgdir=0x80529000, calling lsatp
[DEBUG] proc_run: proc->pgdir=0x8051d000, calling lsatp
[DEBUG] proc_run: proc->pgdir=0x80511000, calling lsatp
[DEBUG] proc_run: proc->pgdir=0x80505000, calling lsatp
[DEBUG] proc_run: proc->pgdir=0x804f9000, calling lsatp
[DEBUG] proc_run: proc->pgdir=0x804ed000, calling lsatp
[DEBUG] proc_run: proc->pgdir=0x804e1000, calling lsatp
[DEBUG] proc_run: proc->pgdir=0x804d5000, calling lsatp
[DEBUG] proc_run: proc->pgdir=0x804c9000, calling lsatp
[DEBUG] proc_run: proc->pgdir=0x804bd000, calling lsatp
d[DEBUG] proc_run: proc->pgdir=0x804b1000, calling lsatp
[DEBUG] proc_run: proc->pgdir=0x8054d000, calling lsatp
[DEBUG] proc_run: proc->pgdir=0x80541000, calling lsatp
[DEBUG] proc_run: proc->pgdir=0x80535000, calling lsatp
[DEBUG] proc_run: proc->pgdir=0x80529000, calling lsatp
[DEBUG] proc_run: proc->pgdir=0x8051d000, calling lsatp
[DEBUG] proc_run: proc->pgdir=0x80511000, calling lsatp
[DEBUG] proc_run: proc->pgdir=0x80505000, calling lsatp
I[DEBUG] proc_run: proc->pgdir=0x804f9000, calling lsatp
[DEBUG] proc_run: proc->pgdir=0x804ed000, calling lsatp
[DEBUG] proc_run: proc->pgdir=0x804e1000, calling lsatp
I[DEBUG] proc_run: proc->pgdir=0x804d5000, calling lsatp
[DEBUG] proc_run: proc->pgdir=0x804c9000, calling lsatp
[DEBUG] proc_run: proc->pgdir=0x804bd000, calling lsatp
 [DEBUG] proc_run: proc->pgdir=0x804b1000, calling lsatp
[DEBUG] setup_pgdir: new pgdir=0xffffffffc0559000, boot_pgdir_va=0xffffffffc020a000
[DEBUG] copy_mm: mm->pgdir=0xffffffffc0559000 (before PADDR)
[DEBUG] copy_mm: proc->pgdir=0x80559000 (after PADDR)
[DEBUG] proc_run: proc->pgdir=0x80559000, calling lsatp
[DEBUG] proc_run: proc->pgdir=0x8054d000, calling lsatp
[DEBUG] proc_run: proc->pgdir=0x80541000, calling lsatp
[DEBUG] proc_run: proc->pgdir=0x80535000, calling lsatp
[DEBUG] proc_run: proc->pgdir=0x80529000, calling lsatp
[DEBUG] proc_run: proc->pgdir=0x8051d000, calling lsatp
I[DEBUG] proc_run: proc->pgdir=0x80511000, calling lsatp
[DEBUG] proc_run: proc->pgdir=0x80505000, calling lsatp
[DEBUG] proc_run: proc->pgdir=0x804f9000, calling lsatp
I[DEBUG] proc_run: proc->pgdir=0x804ed000, calling lsatp
[DEBUG] proc_run: proc->pgdir=0x804e1000, calling lsatp
[DEBUG] proc_run: proc->pgdir=0x804d5000, calling lsatp
[DEBUG] proc_run: proc->pgdir=0x804c9000, calling lsatp
I[DEBUG] proc_run: proc->pgdir=0x804bd000, calling lsatp
[DEBUG] proc_run: proc->pgdir=0x804b1000, calling lsatp
[DEBUG] setup_pgdir: new pgdir=0xffffffffc0566000, boot_pgdir_va=0xffffffffc020a000
[DEBUG] copy_mm: mm->pgdir=0xffffffffc0566000 (before PADDR)
[DEBUG] copy_mm: proc->pgdir=0x80566000 (after PADDR)
[DEBUG] proc_run: proc->pgdir=0x80566000, calling lsatp
[DEBUG] proc_run: proc->pgdir=0x80559000, calling lsatp
[DEBUG] proc_run: proc->pgdir=0x8054d000, calling lsatp
[DEBUG] proc_run: proc->pgdir=0x80541000, calling lsatp
[DEBUG] proc_run: proc->pgdir=0x80535000, calling lsatp
[DEBUG] proc_run: proc->pgdir=0x80529000, calling lsatp
[DEBUG] proc_run: proc->pgdir=0x8051d000, calling lsatp
[DEBUG] proc_run: proc->pgdir=0x80511000, calling lsatp
100 ticks
[DEBUG] proc_run: proc->pgdir=0x80505000, calling lsatp
[DEBUG] proc_run: proc->pgdir=0x804f9000, calling lsatp
[DEBUG] proc_run: proc->pgdir=0x804ed000, calling lsatp
I[DEBUG] proc_run: proc->pgdir=0x804e1000, calling lsatp
[DEBUG] proc_run: proc->pgdir=0x804d5000, calling lsatp
 [DEBUG] proc_run: proc->pgdir=0x804c9000, calling lsatp
[DEBUG] proc_run: proc->pgdir=0x804bd000, calling lsatp
[DEBUG] proc_run: proc->pgdir=0x804b1000, calling lsatp
[DEBUG] setup_pgdir: new pgdir=0xffffffffc0572000, boot_pgdir_va=0xffffffffc020a000
[DEBUG] copy_mm: mm->pgdir=0xffffffffc0572000 (before PADDR)
[DEBUG] copy_mm: proc->pgdir=0x80572000 (after PADDR)
[DEBUG] proc_run: proc->pgdir=0x80572000, calling lsatp
[DEBUG] proc_run: proc->pgdir=0x80566000, calling lsatp
[DEBUG] proc_run: proc->pgdir=0x80559000, calling lsatp
[DEBUG] proc_run: proc->pgdir=0x8054d000, calling lsatp
[DEBUG] proc_run: proc->pgdir=0x80541000, calling lsatp
[DEBUG] proc_run: proc->pgdir=0x80535000, calling lsatp
[DEBUG] proc_run: proc->pgdir=0x80529000, calling lsatp
[DEBUG] proc_run: proc->pgdir=0x8051d000, calling lsatp
[DEBUG] proc_run: proc->pgdir=0x80511000, calling lsatp
[DEBUG] proc_run: proc->pgdir=0x80505000, calling lsatp
[DEBUG] proc_run: proc->pgdir=0x804f9000, calling lsatp
[DEBUG] proc_run: proc->pgdir=0x804ed000, calling lsatp
[DEBUG] proc_run: proc->pgdir=0x804e1000, calling lsatp
[DEBUG] proc_run: proc->pgdir=0x804d5000, calling lsatp
a[DEBUG] proc_run: proc->pgdir=0x804c9000, calling lsatp
[DEBUG] proc_run: proc->pgdir=0x804bd000, calling lsatp
[DEBUG] proc_run: proc->pgdir=0x804b1000, calling lsatp
[DEBUG] proc_run: proc->pgdir=0x80572000, calling lsatp
[DEBUG] proc_run: proc->pgdir=0x80566000, calling lsatp
[DEBUG] proc_run: proc->pgdir=0x80559000, calling lsatp
[DEBUG] proc_run: proc->pgdir=0x8054d000, calling lsatp
[DEBUG] proc_run: proc->pgdir=0x80541000, calling lsatp
[DEBUG] proc_run: proc->pgdir=0x80535000, calling lsatp
[DEBUG] proc_run: proc->pgdir=0x80529000, calling lsatp
[DEBUG] proc_run: proc->pgdir=0x8051d000, calling lsatp
 am child [DEBUG] proc_run: proc->pgdir=0x80511000, calling lsatp
I[DEBUG] proc_run: proc->pgdir=0x80505000, calling lsatp
 am child[DEBUG] proc_run: proc->pgdir=0x804f9000, calling lsatp
[DEBUG] proc_run: proc->pgdir=0x804ed000, calling lsatp
[DEBUG] proc_run: proc->pgdir=0x804e1000, calling lsatp
[DEBUG] proc_run: proc->pgdir=0x804d5000, calling lsatp
[DEBUG] proc_run: proc->pgdir=0x804c9000, calling lsatp
[DEBUG] proc_run: proc->pgdir=0x804bd000, calling lsatp
[DEBUG] proc_run: proc->pgdir=0x804b1000, calling lsatp
[DEBUG] proc_run: proc->pgdir=0x80572000, calling lsatp
[DEBUG] proc_run: proc->pgdir=0x80566000, calling lsatp
[DEBUG] proc_run: proc->pgdir=0x80559000, calling lsatp
[DEBUG] proc_run: proc->pgdir=0x8054d000, calling lsatp
[DEBUG] proc_run: proc->pgdir=0x80541000, calling lsatp
[DEBUG] proc_run: proc->pgdir=0x80535000, calling lsatp
[DEBUG] proc_run: proc->pgdir=0x80529000, calling lsatp
I[DEBUG] proc_run: proc->pgdir=0x8051d000, calling lsatp
[DEBUG] proc_run: proc->pgdir=0x80511000, calling lsatp
[DEBUG] proc_run: proc->pgdir=0x80505000, calling lsatp
 [DEBUG] proc_run: proc->pgdir=0x804f9000, calling lsatp
[DEBUG] proc_run: proc->pgdir=0x804ed000, calling lsatp
[DEBUG] proc_run: proc->pgdir=0x804e1000, calling lsatp
[DEBUG] proc_run: proc->pgdir=0x804d5000, calling lsatp
[DEBUG] proc_run: proc->pgdir=0x804c9000, calling lsatp
[DEBUG] proc_run: proc->pgdir=0x804bd000, calling lsatp
[DEBUG] proc_run: proc->pgdir=0x804b1000, calling lsatp
[DEBUG] proc_run: proc->pgdir=0x80572000, calling lsatp
[DEBUG] proc_run: proc->pgdir=0x80566000, calling lsatp
[DEBUG] proc_run: proc->pgdir=0x80559000, calling lsatp
[DEBUG] proc_run: proc->pgdir=0x8054d000, calling lsatp
[DEBUG] proc_run: proc->pgdir=0x80541000, calling lsatp
I[DEBUG] proc_run: proc->pgdir=0x80535000, calling lsatp
[DEBUG] proc_run: proc->pgdir=0x80529000, calling lsatp
[DEBUG] proc_run: proc->pgdir=0x8051d000, calling lsatp
[DEBUG] proc_run: proc->pgdir=0x80511000, calling lsatp
[DEBUG] proc_run: proc->pgdir=0x80505000, calling lsatp
[DEBUG] proc_run: proc->pgdir=0x804f9000, calling lsatp
 [DEBUG] proc_run: proc->pgdir=0x804ed000, calling lsatp
[DEBUG] proc_run: proc->pgdir=0x804e1000, calling lsatp
 [DEBUG] proc_run: proc->pgdir=0x804d5000, calling lsatp
m[DEBUG] proc_run: proc->pgdir=0x804c9000, calling lsatp
 [DEBUG] proc_run: proc->pgdir=0x804bd000, calling lsatp
[DEBUG] proc_run: proc->pgdir=0x804b1000, calling lsatp
[DEBUG] setup_pgdir: new pgdir=0xffffffffc057e000, boot_pgdir_va=0xffffffffc020a000
[DEBUG] copy_mm: mm->pgdir=0xffffffffc057e000 (before PADDR)
[DEBUG] copy_mm: proc->pgdir=0x8057e000 (after PADDR)
[DEBUG] proc_run: proc->pgdir=0x8057e000, calling lsatp
[DEBUG] proc_run: proc->pgdir=0x80572000, calling lsatp
[DEBUG] proc_run: proc->pgdir=0x80566000, calling lsatp
[DEBUG] proc_run: proc->pgdir=0x80559000, calling lsatp
[DEBUG] proc_run: proc->pgdir=0x8054d000, calling lsatp
[DEBUG] proc_run: proc->pgdir=0x80541000, calling lsatp
[DEBUG] proc_run: proc->pgdir=0x80535000, calling lsatp
I[DEBUG] proc_run: proc->pgdir=0x80529000, calling lsatp
[DEBUG] proc_run: proc->pgdir=0x8051d000, calling lsatp
[DEBUG] proc_run: proc->pgdir=0x80511000, calling lsatp
[DEBUG] proc_run: proc->pgdir=0x80505000, calling lsatp
[DEBUG] proc_run: proc->pgdir=0x804f9000, calling lsatp
a[DEBUG] proc_run: proc->pgdir=0x804ed000, calling lsatp
[DEBUG] proc_run: proc->pgdir=0x804e1000, calling lsatp
a[DEBUG] proc_run: proc->pgdir=0x804d5000, calling lsatp
[DEBUG] proc_run: proc->pgdir=0x804c9000, calling lsatp
a[DEBUG] proc_run: proc->pgdir=0x804bd000, calling lsatp
[DEBUG] proc_run: proc->pgdir=0x804b1000, calling lsatp
[DEBUG] setup_pgdir: new pgdir=0xffffffffc058a000, boot_pgdir_va=0xffffffffc020a000
[DEBUG] copy_mm: mm->pgdir=0xffffffffc058a000 (before PADDR)
[DEBUG] copy_mm: proc->pgdir=0x8058a000 (after PADDR)
[DEBUG] proc_run: proc->pgdir=0x8058a000, calling lsatp
[DEBUG] proc_run: proc->pgdir=0x8057e000, calling lsatp
[DEBUG] proc_run: proc->pgdir=0x80572000, calling lsatp
[DEBUG] proc_run: proc->pgdir=0x80566000, calling lsatp
[DEBUG] proc_run: proc->pgdir=0x80559000, calling lsatp
[DEBUG] proc_run: proc->pgdir=0x8054d000, calling lsatp
100 ticks
[DEBUG] proc_run: proc->pgdir=0x80541000, calling lsatp
 [DEBUG] proc_run: proc->pgdir=0x80535000, calling lsatp
[DEBUG] proc_run: proc->pgdir=0x80529000, calling lsatp
[DEBUG] proc_run: proc->pgdir=0x8051d000, calling lsatp
[DEBUG] proc_run: proc->pgdir=0x80511000, calling lsatp
[DEBUG] proc_run: proc->pgdir=0x80505000, calling lsatp
[DEBUG] proc_run: proc->pgdir=0x804f9000, calling lsatp
m[DEBUG] proc_run: proc->pgdir=0x804ed000, calling lsatp
[DEBUG] proc_run: proc->pgdir=0x804e1000, calling lsatp
[DEBUG] proc_run: proc->pgdir=0x804d5000, calling lsatp
 [DEBUG] proc_run: proc->pgdir=0x804c9000, calling lsatp
[DEBUG] proc_run: proc->pgdir=0x804bd000, calling lsatp
[DEBUG] proc_run: proc->pgdir=0x804b1000, calling lsatp
[DEBUG] setup_pgdir: new pgdir=0xffffffffc0596000, boot_pgdir_va=0xffffffffc020a000
[DEBUG] copy_mm: mm->pgdir=0xffffffffc0596000 (before PADDR)
[DEBUG] copy_mm: proc->pgdir=0x80596000 (after PADDR)
[DEBUG] proc_run: proc->pgdir=0x80596000, calling lsatp
[DEBUG] proc_run: proc->pgdir=0x8058a000, calling lsatp
[DEBUG] proc_run: proc->pgdir=0x8057e000, calling lsatp
[DEBUG] proc_run: proc->pgdir=0x80572000, calling lsatp
[DEBUG] proc_run: proc->pgdir=0x80566000, calling lsatp
[DEBUG] proc_run: proc->pgdir=0x80559000, calling lsatp
[DEBUG] proc_run: proc->pgdir=0x8054d000, calling lsatp
[DEBUG] proc_run: proc->pgdir=0x80541000, calling lsatp
a[DEBUG] proc_run: proc->pgdir=0x80535000, calling lsatp
[DEBUG] proc_run: proc->pgdir=0x80529000, calling lsatp
 [DEBUG] proc_run: proc->pgdir=0x8051d000, calling lsatp
[DEBUG] proc_run: proc->pgdir=0x80511000, calling lsatp
[DEBUG] proc_run: proc->pgdir=0x80505000, calling lsatp
[DEBUG] proc_run: proc->pgdir=0x804f9000, calling lsatp
 [DEBUG] proc_run: proc->pgdir=0x804ed000, calling lsatp
[DEBUG] proc_run: proc->pgdir=0x804e1000, calling lsatp
m[DEBUG] proc_run: proc->pgdir=0x804d5000, calling lsatp
c[DEBUG] proc_run: proc->pgdir=0x804c9000, calling lsatp
m[DEBUG] proc_run: proc->pgdir=0x804bd000, calling lsatp
[DEBUG] proc_run: proc->pgdir=0x804b1000, calling lsatp
[DEBUG] proc_run: proc->pgdir=0x80596000, calling lsatp
[DEBUG] proc_run: proc->pgdir=0x8058a000, calling lsatp
[DEBUG] proc_run: proc->pgdir=0x8057e000, calling lsatp
[DEBUG] proc_run: proc->pgdir=0x80572000, calling lsatp
[DEBUG] proc_run: proc->pgdir=0x80566000, calling lsatp
[DEBUG] proc_run: proc->pgdir=0x80559000, calling lsatp
[DEBUG] proc_run: proc->pgdir=0x8054d000, calling lsatp
[DEBUG] proc_run: proc->pgdir=0x80541000, calling lsatp
m[DEBUG] proc_run: proc->pgdir=0x80535000, calling lsatp
 [DEBUG] proc_run: proc->pgdir=0x80529000, calling lsatp
a[DEBUG] proc_run: proc->pgdir=0x8051d000, calling lsatp
[DEBUG] proc_run: proc->pgdir=0x80511000, calling lsatp
 am child [DEBUG] proc_run: proc->pgdir=0x80505000, calling lsatp
[DEBUG] proc_run: proc->pgdir=0x804f9000, calling lsatp
[DEBUG] proc_run: proc->pgdir=0x804ed000, calling lsatp
 [DEBUG] proc_run: proc->pgdir=0x804e1000, calling lsatp
[DEBUG] proc_run: proc->pgdir=0x804d5000, calling lsatp
h[DEBUG] proc_run: proc->pgdir=0x804c9000, calling lsatp
 [DEBUG] proc_run: proc->pgdir=0x804bd000, calling lsatp
[DEBUG] proc_run: proc->pgdir=0x804b1000, calling lsatp
[DEBUG] setup_pgdir: new pgdir=0xffffffffc05a2000, boot_pgdir_va=0xffffffffc020a000
[DEBUG] copy_mm: mm->pgdir=0xffffffffc05a2000 (before PADDR)
[DEBUG] copy_mm: proc->pgdir=0x805a2000 (after PADDR)
[DEBUG] proc_run: proc->pgdir=0x805a2000, calling lsatp
[DEBUG] proc_run: proc->pgdir=0x80596000, calling lsatp
[DEBUG] proc_run: proc->pgdir=0x8058a000, calling lsatp
[DEBUG] proc_run: proc->pgdir=0x8057e000, calling lsatp
[DEBUG] proc_run: proc->pgdir=0x80572000, calling lsatp
[DEBUG] proc_run: proc->pgdir=0x80566000, calling lsatp
[DEBUG] proc_run: proc->pgdir=0x80559000, calling lsatp
[DEBUG] proc_run: proc->pgdir=0x8054d000, calling lsatp
[DEBUG] proc_run: proc->pgdir=0x80541000, calling lsatp
 [DEBUG] proc_run: proc->pgdir=0x80535000, calling lsatp
[DEBUG] proc_run: proc->pgdir=0x80529000, calling lsatp
[DEBUG] proc_run: proc->pgdir=0x8051d000, calling lsatp
[DEBUG] proc_run: proc->pgdir=0x80511000, calling lsatp
[DEBUG] proc_run: proc->pgdir=0x80505000, calling lsatp
[DEBUG] proc_run: proc->pgdir=0x804f9000, calling lsatp
c[DEBUG] proc_run: proc->pgdir=0x804ed000, calling lsatp
a[DEBUG] proc_run: proc->pgdir=0x804e1000, calling lsatp
 [DEBUG] proc_run: proc->pgdir=0x804d5000, calling lsatp
i[DEBUG] proc_run: proc->pgdir=0x804c9000, calling lsatp
c[DEBUG] proc_run: proc->pgdir=0x804bd000, calling lsatp
[DEBUG] proc_run: proc->pgdir=0x804b1000, calling lsatp
[DEBUG] proc_run: proc->pgdir=0x805a2000, calling lsatp
[DEBUG] proc_run: proc->pgdir=0x80596000, calling lsatp
[DEBUG] proc_run: proc->pgdir=0x8058a000, calling lsatp
[DEBUG] proc_run: proc->pgdir=0x8057e000, calling lsatp
[DEBUG] proc_run: proc->pgdir=0x80572000, calling lsatp
[DEBUG] proc_run: proc->pgdir=0x80566000, calling lsatp
[DEBUG] proc_run: proc->pgdir=0x80559000, calling lsatp
[DEBUG] proc_run: proc->pgdir=0x8054d000, calling lsatp
[DEBUG] proc_run: proc->pgdir=0x80541000, calling lsatp
c[DEBUG] proc_run: proc->pgdir=0x80535000, calling lsatp
a[DEBUG] proc_run: proc->pgdir=0x80529000, calling lsatp
m[DEBUG] proc_run: proc->pgdir=0x8051d000, calling lsatp
[DEBUG] proc_run: proc->pgdir=0x80511000, calling lsatp
[DEBUG] proc_run: proc->pgdir=0x80505000, calling lsatp
[DEBUG] proc_run: proc->pgdir=0x804f9000, calling lsatp
h[DEBUG] proc_run: proc->pgdir=0x804ed000, calling lsatp
m[DEBUG] proc_run: proc->pgdir=0x804e1000, calling lsatp
c[DEBUG] proc_run: proc->pgdir=0x804d5000, calling lsatp
[DEBUG] proc_run: proc->pgdir=0x804c9000, calling lsatp
[DEBUG] proc_run: proc->pgdir=0x804bd000, calling lsatp
[DEBUG] proc_run: proc->pgdir=0x804b1000, calling lsatp
[DEBUG] setup_pgdir: new pgdir=0xffffffffc05ae000, boot_pgdir_va=0xffffffffc020a000
[DEBUG] copy_mm: mm->pgdir=0xffffffffc05ae000 (before PADDR)
[DEBUG] copy_mm: proc->pgdir=0x805ae000 (after PADDR)
[DEBUG] proc_run: proc->pgdir=0x805ae000, calling lsatp
[DEBUG] proc_run: proc->pgdir=0x805a2000, calling lsatp
[DEBUG] proc_run: proc->pgdir=0x80596000, calling lsatp
[DEBUG] proc_run: proc->pgdir=0x8058a000, calling lsatp
[DEBUG] proc_run: proc->pgdir=0x8057e000, calling lsatp
100 ticks
[DEBUG] proc_run: proc->pgdir=0x80572000, calling lsatp
[DEBUG] proc_run: proc->pgdir=0x80566000, calling lsatp
I[DEBUG] proc_run: proc->pgdir=0x80559000, calling lsatp
[DEBUG] proc_run: proc->pgdir=0x8054d000, calling lsatp
[DEBUG] proc_run: proc->pgdir=0x80541000, calling lsatp
h[DEBUG] proc_run: proc->pgdir=0x80535000, calling lsatp
m[DEBUG] proc_run: proc->pgdir=0x80529000, calling lsatp
 [DEBUG] proc_run: proc->pgdir=0x8051d000, calling lsatp
[DEBUG] proc_run: proc->pgdir=0x80511000, calling lsatp
[DEBUG] proc_run: proc->pgdir=0x80505000, calling lsatp
[DEBUG] proc_run: proc->pgdir=0x804f9000, calling lsatp
i[DEBUG] proc_run: proc->pgdir=0x804ed000, calling lsatp
 [DEBUG] proc_run: proc->pgdir=0x804e1000, calling lsatp
h[DEBUG] proc_run: proc->pgdir=0x804d5000, calling lsatp
[DEBUG] proc_run: proc->pgdir=0x804c9000, calling lsatp
h[DEBUG] proc_run: proc->pgdir=0x804bd000, calling lsatp
[DEBUG] proc_run: proc->pgdir=0x804b1000, calling lsatp
[DEBUG] setup_pgdir: new pgdir=0xffffffffc05ba000, boot_pgdir_va=0xffffffffc020a000
[DEBUG] copy_mm: mm->pgdir=0xffffffffc05ba000 (before PADDR)
[DEBUG] copy_mm: proc->pgdir=0x805ba000 (after PADDR)
[DEBUG] proc_run: proc->pgdir=0x805ba000, calling lsatp
[DEBUG] proc_run: proc->pgdir=0x805ae000, calling lsatp
[DEBUG] proc_run: proc->pgdir=0x805a2000, calling lsatp
[DEBUG] proc_run: proc->pgdir=0x80596000, calling lsatp
[DEBUG] proc_run: proc->pgdir=0x8058a000, calling lsatp
[DEBUG] proc_run: proc->pgdir=0x8057e000, calling lsatp
[DEBUG] proc_run: proc->pgdir=0x80572000, calling lsatp
[DEBUG] proc_run: proc->pgdir=0x80566000, calling lsatp
[DEBUG] proc_run: proc->pgdir=0x80559000, calling lsatp
[DEBUG] proc_run: proc->pgdir=0x8054d000, calling lsatp
[DEBUG] proc_run: proc->pgdir=0x80541000, calling lsatp
[DEBUG] proc_run: proc->pgdir=0x80535000, calling lsatp
 [DEBUG] proc_run: proc->pgdir=0x80529000, calling lsatp
[DEBUG] proc_run: proc->pgdir=0x8051d000, calling lsatp
[DEBUG] proc_run: proc->pgdir=0x80511000, calling lsatp
[DEBUG] proc_run: proc->pgdir=0x80505000, calling lsatp
[DEBUG] proc_run: proc->pgdir=0x804f9000, calling lsatp
l[DEBUG] proc_run: proc->pgdir=0x804ed000, calling lsatp
c[DEBUG] proc_run: proc->pgdir=0x804e1000, calling lsatp
[DEBUG] proc_run: proc->pgdir=0x804d5000, calling lsatp
l[DEBUG] proc_run: proc->pgdir=0x804c9000, calling lsatp
i[DEBUG] proc_run: proc->pgdir=0x804bd000, calling lsatp
[DEBUG] proc_run: proc->pgdir=0x804b1000, calling lsatp
[DEBUG] setup_pgdir: new pgdir=0xffffffffc05c7000, boot_pgdir_va=0xffffffffc020a000
[DEBUG] copy_mm: mm->pgdir=0xffffffffc05c7000 (before PADDR)
[DEBUG] copy_mm: proc->pgdir=0x805c7000 (after PADDR)
[DEBUG] proc_run: proc->pgdir=0x805c7000, calling lsatp
[DEBUG] proc_run: proc->pgdir=0x805ba000, calling lsatp
[DEBUG] proc_run: proc->pgdir=0x805ae000, calling lsatp
[DEBUG] proc_run: proc->pgdir=0x805a2000, calling lsatp
[DEBUG] proc_run: proc->pgdir=0x80596000, calling lsatp
[DEBUG] proc_run: proc->pgdir=0x8058a000, calling lsatp
[DEBUG] proc_run: proc->pgdir=0x8057e000, calling lsatp
[DEBUG] proc_run: proc->pgdir=0x80572000, calling lsatp
[DEBUG] proc_run: proc->pgdir=0x80566000, calling lsatp
[DEBUG] proc_run: proc->pgdir=0x80559000, calling lsatp
I[DEBUG] proc_run: proc->pgdir=0x8054d000, calling lsatp
I[DEBUG] proc_run: proc->pgdir=0x80541000, calling lsatp
[DEBUG] proc_run: proc->pgdir=0x80535000, calling lsatp
[DEBUG] proc_run: proc->pgdir=0x80529000, calling lsatp
c[DEBUG] proc_run: proc->pgdir=0x8051d000, calling lsatp
[DEBUG] proc_run: proc->pgdir=0x80511000, calling lsatp
[DEBUG] proc_run: proc->pgdir=0x80505000, calling lsatp
[DEBUG] proc_run: proc->pgdir=0x804f9000, calling lsatp
[DEBUG] proc_run: proc->pgdir=0x804ed000, calling lsatp
[DEBUG] proc_run: proc->pgdir=0x804e1000, calling lsatp
i[DEBUG] proc_run: proc->pgdir=0x804d5000, calling lsatp
[DEBUG] proc_run: proc->pgdir=0x804c9000, calling lsatp
[DEBUG] proc_run: proc->pgdir=0x804bd000, calling lsatp
0[DEBUG] proc_run: proc->pgdir=0x804b1000, calling lsatp
[DEBUG] proc_run: proc->pgdir=0x805c7000, calling lsatp
[DEBUG] proc_run: proc->pgdir=0x805ba000, calling lsatp
[DEBUG] proc_run: proc->pgdir=0x805ae000, calling lsatp
[DEBUG] proc_run: proc->pgdir=0x805a2000, calling lsatp
[DEBUG] proc_run: proc->pgdir=0x80596000, calling lsatp
[DEBUG] proc_run: proc->pgdir=0x8058a000, calling lsatp
[DEBUG] proc_run: proc->pgdir=0x8057e000, calling lsatp
[DEBUG] proc_run: proc->pgdir=0x80572000, calling lsatp
[DEBUG] proc_run: proc->pgdir=0x80566000, calling lsatp
[DEBUG] proc_run: proc->pgdir=0x80559000, calling lsatp
[DEBUG] proc_run: proc->pgdir=0x8054d000, calling lsatp
[DEBUG] proc_run: proc->pgdir=0x80541000, calling lsatp
ild [DEBUG] proc_run: proc->pgdir=0x80535000, calling lsatp
c[DEBUG] proc_run: proc->pgdir=0x80529000, calling lsatp
[DEBUG] proc_run: proc->pgdir=0x8051d000, calling lsatp
[DEBUG] proc_run: proc->pgdir=0x80511000, calling lsatp
[DEBUG] proc_run: proc->pgdir=0x80505000, calling lsatp
[DEBUG] proc_run: proc->pgdir=0x804f9000, calling lsatp
d[DEBUG] proc_run: proc->pgdir=0x804ed000, calling lsatp
h[DEBUG] proc_run: proc->pgdir=0x804e1000, calling lsatp
[DEBUG] proc_run: proc->pgdir=0x804d5000, calling lsatp
d[DEBUG] proc_run: proc->pgdir=0x804c9000, calling lsatp
[DEBUG] proc_run: proc->pgdir=0x804bd000, calling lsatp
[DEBUG] proc_run: proc->pgdir=0x804b1000, calling lsatp
[DEBUG] proc_run: proc->pgdir=0x805c7000, calling lsatp
[DEBUG] proc_run: proc->pgdir=0x805ba000, calling lsatp
[DEBUG] proc_run: proc->pgdir=0x805ae000, calling lsatp
[DEBUG] proc_run: proc->pgdir=0x805a2000, calling lsatp
[DEBUG] proc_run: proc->pgdir=0x80596000, calling lsatp
[DEBUG] proc_run: proc->pgdir=0x8058a000, calling lsatp
[DEBUG] proc_run: proc->pgdir=0x8057e000, calling lsatp
[DEBUG] proc_run: proc->pgdir=0x80572000, calling lsatp
[DEBUG] proc_run: proc->pgdir=0x80566000, calling lsatp
 [DEBUG] proc_run: proc->pgdir=0x80559000, calling lsatp
[DEBUG] proc_run: proc->pgdir=0x8054d000, calling lsatp
[DEBUG] proc_run: proc->pgdir=0x80541000, calling lsatp
100 ticks
[DEBUG] proc_run: proc->pgdir=0x80535000, calling lsatp
[DEBUG] proc_run: proc->pgdir=0x80529000, calling lsatp
[DEBUG] proc_run: proc->pgdir=0x8051d000, calling lsatp
[DEBUG] proc_run: proc->pgdir=0x80511000, calling lsatp
[DEBUG] proc_run: proc->pgdir=0x80505000, calling lsatp
[DEBUG] proc_run: proc->pgdir=0x804f9000, calling lsatp
 [DEBUG] proc_run: proc->pgdir=0x804ed000, calling lsatp
[DEBUG] proc_run: proc->pgdir=0x804e1000, calling lsatp
[DEBUG] proc_run: proc->pgdir=0x804d5000, calling lsatp
 [DEBUG] proc_run: proc->pgdir=0x804c9000, calling lsatp
[DEBUG] proc_run: proc->pgdir=0x804bd000, calling lsatp
[DEBUG] proc_run: proc->pgdir=0x804b1000, calling lsatp
[DEBUG] proc_run: proc->pgdir=0x805c7000, calling lsatp
[DEBUG] proc_run: proc->pgdir=0x805ba000, calling lsatp
[DEBUG] proc_run: proc->pgdir=0x805ae000, calling lsatp
[DEBUG] proc_run: proc->pgdir=0x805a2000, calling lsatp
[DEBUG] proc_run: proc->pgdir=0x80596000, calling lsatp
I[DEBUG] proc_run: proc->pgdir=0x8058a000, calling lsatp
[DEBUG] proc_run: proc->pgdir=0x8057e000, calling lsatp
[DEBUG] proc_run: proc->pgdir=0x80572000, calling lsatp
[DEBUG] proc_run: proc->pgdir=0x80566000, calling lsatp
a[DEBUG] proc_run: proc->pgdir=0x80559000, calling lsatp
[DEBUG] proc_run: proc->pgdir=0x8054d000, calling lsatp
 [DEBUG] proc_run: proc->pgdir=0x80541000, calling lsatp
[DEBUG] proc_run: proc->pgdir=0x80535000, calling lsatp
h[DEBUG] proc_run: proc->pgdir=0x80529000, calling lsatp
[DEBUG] proc_run: proc->pgdir=0x8051d000, calling lsatp
8[DEBUG] proc_run: proc->pgdir=0x80511000, calling lsatp
[DEBUG] proc_run: proc->pgdir=0x80505000, calling lsatp
[DEBUG] proc_run: proc->pgdir=0x804f9000, calling lsatp
[DEBUG] proc_run: proc->pgdir=0x804ed000, calling lsatp
i[DEBUG] proc_run: proc->pgdir=0x804e1000, calling lsatp
[DEBUG] proc_run: proc->pgdir=0x804d5000, calling lsatp
[DEBUG] proc_run: proc->pgdir=0x804c9000, calling lsatp
[DEBUG] proc_run: proc->pgdir=0x804bd000, calling lsatp

[DEBUG] proc_run: proc->pgdir=0x804b1000, calling lsatp
[DEBUG] proc_run: proc->pgdir=0x805c7000, calling lsatp
[DEBUG] proc_run: proc->pgdir=0x805ba000, calling lsatp
[DEBUG] proc_run: proc->pgdir=0x805ae000, calling lsatp
[DEBUG] proc_run: proc->pgdir=0x805a2000, calling lsatp
[DEBUG] proc_run: proc->pgdir=0x80596000, calling lsatp
[DEBUG] proc_run: proc->pgdir=0x8058a000, calling lsatp
[DEBUG] proc_run: proc->pgdir=0x8057e000, calling lsatp
[DEBUG] proc_run: proc->pgdir=0x80572000, calling lsatp
[DEBUG] proc_run: proc->pgdir=0x80566000, calling lsatp
[DEBUG] proc_run: proc->pgdir=0x80559000, calling lsatp
[DEBUG] proc_run: proc->pgdir=0x8054d000, calling lsatp
a[DEBUG] proc_run: proc->pgdir=0x80541000, calling lsatp
[DEBUG] proc_run: proc->pgdir=0x80535000, calling lsatp
i[DEBUG] proc_run: proc->pgdir=0x80529000, calling lsatp
h[DEBUG] proc_run: proc->pgdir=0x8051d000, calling lsatp
[DEBUG] proc_run: proc->pgdir=0x80511000, calling lsatp
[DEBUG] proc_run: proc->pgdir=0x80505000, calling lsatp
6[DEBUG] proc_run: proc->pgdir=0x804f9000, calling lsatp
[DEBUG] proc_run: proc->pgdir=0x804ed000, calling lsatp
l[DEBUG] proc_run: proc->pgdir=0x804e1000, calling lsatp
ld [DEBUG] proc_run: proc->pgdir=0x804d5000, calling lsatp
[DEBUG] proc_run: proc->pgdir=0x804c9000, calling lsatp
[DEBUG] proc_run: proc->pgdir=0x804bd000, calling lsatp
[DEBUG] proc_run: proc->pgdir=0x804b1000, calling lsatp
[DEBUG] setup_pgdir: new pgdir=0xffffffffc05d3000, boot_pgdir_va=0xffffffffc020a000
[DEBUG] copy_mm: mm->pgdir=0xffffffffc05d3000 (before PADDR)
[DEBUG] copy_mm: proc->pgdir=0x805d3000 (after PADDR)
[DEBUG] proc_run: proc->pgdir=0x805d3000, calling lsatp
[DEBUG] proc_run: proc->pgdir=0x805c7000, calling lsatp
[DEBUG] proc_run: proc->pgdir=0x805ba000, calling lsatp
[DEBUG] proc_run: proc->pgdir=0x805ae000, calling lsatp
[DEBUG] proc_run: proc->pgdir=0x805a2000, calling lsatp
[DEBUG] proc_run: proc->pgdir=0x80596000, calling lsatp
[DEBUG] proc_run: proc->pgdir=0x8058a000, calling lsatp
[DEBUG] proc_run: proc->pgdir=0x8057e000, calling lsatp
[DEBUG] proc_run: proc->pgdir=0x80572000, calling lsatp
[DEBUG] proc_run: proc->pgdir=0x80566000, calling lsatp
m[DEBUG] proc_run: proc->pgdir=0x80559000, calling lsatp
[DEBUG] proc_run: proc->pgdir=0x8054d000, calling lsatp
[DEBUG] proc_run: proc->pgdir=0x80541000, calling lsatp
[DEBUG] proc_run: proc->pgdir=0x80535000, calling lsatp
ld [DEBUG] proc_run: proc->pgdir=0x80529000, calling lsatp
i[DEBUG] proc_run: proc->pgdir=0x8051d000, calling lsatp
[DEBUG] proc_run: proc->pgdir=0x80511000, calling lsatp
[DEBUG] proc_run: proc->pgdir=0x80505000, calling lsatp
[DEBUG] proc_run: proc->pgdir=0x804f9000, calling lsatp
[DEBUG] proc_run: proc->pgdir=0x804ed000, calling lsatp
d[DEBUG] proc_run: proc->pgdir=0x804e1000, calling lsatp
[DEBUG] proc_run: proc->pgdir=0x804d5000, calling lsatp
[DEBUG] proc_run: proc->pgdir=0x804c9000, calling lsatp
l[DEBUG] proc_run: proc->pgdir=0x804bd000, calling lsatp
[DEBUG] proc_run: proc->pgdir=0x804b1000, calling lsatp
[DEBUG] setup_pgdir: new pgdir=0xffffffffc05df000, boot_pgdir_va=0xffffffffc020a000
[DEBUG] copy_mm: mm->pgdir=0xffffffffc05df000 (before PADDR)
[DEBUG] copy_mm: proc->pgdir=0x805df000 (after PADDR)
[DEBUG] proc_run: proc->pgdir=0x805df000, calling lsatp
[DEBUG] proc_run: proc->pgdir=0x805d3000, calling lsatp
[DEBUG] proc_run: proc->pgdir=0x805c7000, calling lsatp
[DEBUG] proc_run: proc->pgdir=0x805ba000, calling lsatp
[DEBUG] proc_run: proc->pgdir=0x805ae000, calling lsatp
[DEBUG] proc_run: proc->pgdir=0x805a2000, calling lsatp
[DEBUG] proc_run: proc->pgdir=0x80596000, calling lsatp
 [DEBUG] proc_run: proc->pgdir=0x8058a000, calling lsatp
[DEBUG] proc_run: proc->pgdir=0x8057e000, calling lsatp
[DEBUG] proc_run: proc->pgdir=0x80572000, calling lsatp
I[DEBUG] proc_run: proc->pgdir=0x80566000, calling lsatp
 [DEBUG] proc_run: proc->pgdir=0x80559000, calling lsatp
 [DEBUG] proc_run: proc->pgdir=0x8054d000, calling lsatp
m[DEBUG] proc_run: proc->pgdir=0x80541000, calling lsatp
[DEBUG] proc_run: proc->pgdir=0x80535000, calling lsatp
100 ticks
[DEBUG] proc_run: proc->pgdir=0x80529000, calling lsatp
l[DEBUG] proc_run: proc->pgdir=0x8051d000, calling lsatp

[DEBUG] proc_run: proc->pgdir=0x80511000, calling lsatp
[DEBUG] proc_run: proc->pgdir=0x80505000, calling lsatp
[DEBUG] proc_run: proc->pgdir=0x804f9000, calling lsatp
[DEBUG] proc_run: proc->pgdir=0x804ed000, calling lsatp
[DEBUG] proc_run: proc->pgdir=0x804e1000, calling lsatp
[DEBUG] proc_run: proc->pgdir=0x804d5000, calling lsatp
[DEBUG] proc_run: proc->pgdir=0x804c9000, calling lsatp
d[DEBUG] proc_run: proc->pgdir=0x804bd000, calling lsatp
[DEBUG] proc_run: proc->pgdir=0x804b1000, calling lsatp
[DEBUG] setup_pgdir: new pgdir=0xffffffffc05eb000, boot_pgdir_va=0xffffffffc020a000
[DEBUG] copy_mm: mm->pgdir=0xffffffffc05eb000 (before PADDR)
[DEBUG] copy_mm: proc->pgdir=0x805eb000 (after PADDR)
[DEBUG] proc_run: proc->pgdir=0x805eb000, calling lsatp
[DEBUG] proc_run: proc->pgdir=0x805df000, calling lsatp
[DEBUG] proc_run: proc->pgdir=0x805d3000, calling lsatp
[DEBUG] proc_run: proc->pgdir=0x805c7000, calling lsatp
[DEBUG] proc_run: proc->pgdir=0x805ba000, calling lsatp
[DEBUG] proc_run: proc->pgdir=0x805ae000, calling lsatp
I[DEBUG] proc_run: proc->pgdir=0x805a2000, calling lsatp
[DEBUG] proc_run: proc->pgdir=0x80596000, calling lsatp
a[DEBUG] proc_run: proc->pgdir=0x8058a000, calling lsatp
[DEBUG] proc_run: proc->pgdir=0x8057e000, calling lsatp
[DEBUG] proc_run: proc->pgdir=0x80572000, calling lsatp
[DEBUG] proc_run: proc->pgdir=0x80566000, calling lsatp
c[DEBUG] proc_run: proc->pgdir=0x80559000, calling lsatp
a[DEBUG] proc_run: proc->pgdir=0x8054d000, calling lsatp
 [DEBUG] proc_run: proc->pgdir=0x80541000, calling lsatp
[DEBUG] proc_run: proc->pgdir=0x80535000, calling lsatp
[DEBUG] proc_run: proc->pgdir=0x80529000, calling lsatp
d[DEBUG] proc_run: proc->pgdir=0x8051d000, calling lsatp
[DEBUG] proc_run: proc->pgdir=0x80511000, calling lsatp
[DEBUG] proc_run: proc->pgdir=0x80505000, calling lsatp
[DEBUG] proc_run: proc->pgdir=0x804f9000, calling lsatp
[DEBUG] proc_run: proc->pgdir=0x804ed000, calling lsatp
[DEBUG] proc_run: proc->pgdir=0x804e1000, calling lsatp
[DEBUG] proc_run: proc->pgdir=0x804d5000, calling lsatp
[DEBUG] proc_run: proc->pgdir=0x804c9000, calling lsatp
[DEBUG] proc_run: proc->pgdir=0x804bd000, calling lsatp
[DEBUG] proc_run: proc->pgdir=0x804b1000, calling lsatp
[DEBUG] proc_run: proc->pgdir=0x805eb000, calling lsatp
[DEBUG] proc_run: proc->pgdir=0x805df000, calling lsatp
[DEBUG] proc_run: proc->pgdir=0x805d3000, calling lsatp
[DEBUG] proc_run: proc->pgdir=0x805c7000, calling lsatp
[DEBUG] proc_run: proc->pgdir=0x805ba000, calling lsatp
[DEBUG] proc_run: proc->pgdir=0x805ae000, calling lsatp
[DEBUG] proc_run: proc->pgdir=0x805a2000, calling lsatp
I[DEBUG] proc_run: proc->pgdir=0x80596000, calling lsatp
m[DEBUG] proc_run: proc->pgdir=0x8058a000, calling lsatp
[DEBUG] proc_run: proc->pgdir=0x8057e000, calling lsatp
[DEBUG] proc_run: proc->pgdir=0x80572000, calling lsatp
[DEBUG] proc_run: proc->pgdir=0x80566000, calling lsatp
h[DEBUG] proc_run: proc->pgdir=0x80559000, calling lsatp
m[DEBUG] proc_run: proc->pgdir=0x8054d000, calling lsatp
c[DEBUG] proc_run: proc->pgdir=0x80541000, calling lsatp
[DEBUG] proc_run: proc->pgdir=0x80535000, calling lsatp
[DEBUG] proc_run: proc->pgdir=0x80529000, calling lsatp
[DEBUG] proc_run: proc->pgdir=0x8051d000, calling lsatp
[DEBUG] proc_run: proc->pgdir=0x80511000, calling lsatp
[DEBUG] proc_run: proc->pgdir=0x80505000, calling lsatp

[DEBUG] proc_run: proc->pgdir=0x804f9000, calling lsatp
[DEBUG] proc_run: proc->pgdir=0x804ed000, calling lsatp
 [DEBUG] proc_run: proc->pgdir=0x804e1000, calling lsatp
[DEBUG] proc_run: proc->pgdir=0x804d5000, calling lsatp
[DEBUG] proc_run: proc->pgdir=0x804c9000, calling lsatp
 [DEBUG] proc_run: proc->pgdir=0x804b1000, calling lsatp
[DEBUG] proc_run: proc->pgdir=0x805eb000, calling lsatp
[DEBUG] proc_run: proc->pgdir=0x805df000, calling lsatp
[DEBUG] proc_run: proc->pgdir=0x805d3000, calling lsatp
[DEBUG] proc_run: proc->pgdir=0x805c7000, calling lsatp
[DEBUG] proc_run: proc->pgdir=0x805ba000, calling lsatp
[DEBUG] proc_run: proc->pgdir=0x805ae000, calling lsatp
[DEBUG] proc_run: proc->pgdir=0x805a2000, calling lsatp
[DEBUG] proc_run: proc->pgdir=0x80596000, calling lsatp
[DEBUG] proc_run: proc->pgdir=0x8058a000, calling lsatp
[DEBUG] proc_run: proc->pgdir=0x8057e000, calling lsatp
[DEBUG] proc_run: proc->pgdir=0x80572000, calling lsatp
[DEBUG] proc_run: proc->pgdir=0x80566000, calling lsatp
[DEBUG] proc_run: proc->pgdir=0x80559000, calling lsatp
[DEBUG] proc_run: proc->pgdir=0x8054d000, calling lsatp
h[DEBUG] proc_run: proc->pgdir=0x80541000, calling lsatp
[DEBUG] proc_run: proc->pgdir=0x80535000, calling lsatp
[DEBUG] proc_run: proc->pgdir=0x80529000, calling lsatp
 [DEBUG] proc_run: proc->pgdir=0x8051d000, calling lsatp
[DEBUG] proc_run: proc->pgdir=0x80511000, calling lsatp
[DEBUG] proc_run: proc->pgdir=0x80505000, calling lsatp
[DEBUG] proc_run: proc->pgdir=0x804f9000, calling lsatp
[DEBUG] proc_run: proc->pgdir=0x804ed000, calling lsatp
[DEBUG] proc_run: proc->pgdir=0x804e1000, calling lsatp
[DEBUG] proc_run: proc->pgdir=0x804d5000, calling lsatp
[DEBUG] proc_run: proc->pgdir=0x804c9000, calling lsatp
[DEBUG] proc_run: proc->pgdir=0x804b1000, calling lsatp
[DEBUG] setup_pgdir: new pgdir=0xffffffffc04bf000, boot_pgdir_va=0xffffffffc020a000
[DEBUG] copy_mm: mm->pgdir=0xffffffffc04bf000 (before PADDR)
[DEBUG] copy_mm: proc->pgdir=0x804bf000 (after PADDR)
[DEBUG] proc_run: proc->pgdir=0x804bf000, calling lsatp
[DEBUG] proc_run: proc->pgdir=0x805eb000, calling lsatp
[DEBUG] proc_run: proc->pgdir=0x805df000, calling lsatp
[DEBUG] proc_run: proc->pgdir=0x805d3000, calling lsatp
[DEBUG] proc_run: proc->pgdir=0x805c7000, calling lsatp
[DEBUG] proc_run: proc->pgdir=0x805ba000, calling lsatp
[DEBUG] proc_run: proc->pgdir=0x805ae000, calling lsatp
 [DEBUG] proc_run: proc->pgdir=0x805a2000, calling lsatp
[DEBUG] proc_run: proc->pgdir=0x80596000, calling lsatp
 [DEBUG] proc_run: proc->pgdir=0x8058a000, calling lsatp
[DEBUG] proc_run: proc->pgdir=0x8057e000, calling lsatp
100 ticks
[DEBUG] proc_run: proc->pgdir=0x80572000, calling lsatp
 [DEBUG] proc_run: proc->pgdir=0x80566000, calling lsatp
ild [DEBUG] proc_run: proc->pgdir=0x80559000, calling lsatp
 [DEBUG] proc_run: proc->pgdir=0x8054d000, calling lsatp
[DEBUG] proc_run: proc->pgdir=0x80541000, calling lsatp
[DEBUG] proc_run: proc->pgdir=0x80535000, calling lsatp
[DEBUG] proc_run: proc->pgdir=0x80529000, calling lsatp
[DEBUG] proc_run: proc->pgdir=0x8051d000, calling lsatp
[DEBUG] proc_run: proc->pgdir=0x80511000, calling lsatp
[DEBUG] proc_run: proc->pgdir=0x80505000, calling lsatp
[DEBUG] proc_run: proc->pgdir=0x804f9000, calling lsatp
[DEBUG] proc_run: proc->pgdir=0x804ed000, calling lsatp
[DEBUG] proc_run: proc->pgdir=0x804e1000, calling lsatp
[DEBUG] proc_run: proc->pgdir=0x804d5000, calling lsatp
[DEBUG] proc_run: proc->pgdir=0x804c9000, calling lsatp
[DEBUG] proc_run: proc->pgdir=0x804b1000, calling lsatp
[DEBUG] setup_pgdir: new pgdir=0xffffffffc05f9000, boot_pgdir_va=0xffffffffc020a000
[DEBUG] copy_mm: mm->pgdir=0xffffffffc05f9000 (before PADDR)
[DEBUG] copy_mm: proc->pgdir=0x805f9000 (after PADDR)
[DEBUG] proc_run: proc->pgdir=0x805f9000, calling lsatp
[DEBUG] proc_run: proc->pgdir=0x804bf000, calling lsatp
[DEBUG] proc_run: proc->pgdir=0x805eb000, calling lsatp
[DEBUG] proc_run: proc->pgdir=0x805df000, calling lsatp
[DEBUG] proc_run: proc->pgdir=0x805d3000, calling lsatp
[DEBUG] proc_run: proc->pgdir=0x805c7000, calling lsatp
[DEBUG] proc_run: proc->pgdir=0x805ba000, calling lsatp
[DEBUG] proc_run: proc->pgdir=0x805ae000, calling lsatp
a[DEBUG] proc_run: proc->pgdir=0x805a2000, calling lsatp
[DEBUG] proc_run: proc->pgdir=0x80596000, calling lsatp
[DEBUG] proc_run: proc->pgdir=0x8058a000, calling lsatp
I[DEBUG] proc_run: proc->pgdir=0x8057e000, calling lsatp
[DEBUG] proc_run: proc->pgdir=0x80572000, calling lsatp
a[DEBUG] proc_run: proc->pgdir=0x80566000, calling lsatp
[DEBUG] proc_run: proc->pgdir=0x80559000, calling lsatp
c[DEBUG] proc_run: proc->pgdir=0x8054d000, calling lsatp
i[DEBUG] proc_run: proc->pgdir=0x80541000, calling lsatp
[DEBUG] proc_run: proc->pgdir=0x80535000, calling lsatp
[DEBUG] proc_run: proc->pgdir=0x80529000, calling lsatp
[DEBUG] proc_run: proc->pgdir=0x8051d000, calling lsatp
[DEBUG] proc_run: proc->pgdir=0x80511000, calling lsatp
7[DEBUG] proc_run: proc->pgdir=0x80505000, calling lsatp
[DEBUG] proc_run: proc->pgdir=0x804f9000, calling lsatp
[DEBUG] proc_run: proc->pgdir=0x804ed000, calling lsatp
[DEBUG] proc_run: proc->pgdir=0x804e1000, calling lsatp
[DEBUG] proc_run: proc->pgdir=0x804d5000, calling lsatp
[DEBUG] proc_run: proc->pgdir=0x804c9000, calling lsatp
[DEBUG] proc_run: proc->pgdir=0x804b1000, calling lsatp
[DEBUG] proc_run: proc->pgdir=0x805f9000, calling lsatp
[DEBUG] proc_run: proc->pgdir=0x804bf000, calling lsatp
[DEBUG] proc_run: proc->pgdir=0x805eb000, calling lsatp
[DEBUG] proc_run: proc->pgdir=0x805df000, calling lsatp
[DEBUG] proc_run: proc->pgdir=0x805d3000, calling lsatp
[DEBUG] proc_run: proc->pgdir=0x805c7000, calling lsatp
[DEBUG] proc_run: proc->pgdir=0x805ba000, calling lsatp
[DEBUG] proc_run: proc->pgdir=0x805ae000, calling lsatp
m[DEBUG] proc_run: proc->pgdir=0x805a2000, calling lsatp
 [DEBUG] proc_run: proc->pgdir=0x80596000, calling lsatp
c[DEBUG] proc_run: proc->pgdir=0x8058a000, calling lsatp
[DEBUG] proc_run: proc->pgdir=0x8057e000, calling lsatp
[DEBUG] proc_run: proc->pgdir=0x80572000, calling lsatp
m[DEBUG] proc_run: proc->pgdir=0x80566000, calling lsatp
[DEBUG] proc_run: proc->pgdir=0x80559000, calling lsatp
[DEBUG] proc_run: proc->pgdir=0x8054d000, calling lsatp
l[DEBUG] proc_run: proc->pgdir=0x80541000, calling lsatp
[DEBUG] proc_run: proc->pgdir=0x80535000, calling lsatp
[DEBUG] proc_run: proc->pgdir=0x80529000, calling lsatp
[DEBUG] proc_run: proc->pgdir=0x8051d000, calling lsatp
[DEBUG] proc_run: proc->pgdir=0x80511000, calling lsatp
[DEBUG] proc_run: proc->pgdir=0x80505000, calling lsatp
[DEBUG] proc_run: proc->pgdir=0x804f9000, calling lsatp
[DEBUG] proc_run: proc->pgdir=0x804ed000, calling lsatp
[DEBUG] proc_run: proc->pgdir=0x804e1000, calling lsatp
[DEBUG] proc_run: proc->pgdir=0x804d5000, calling lsatp
[DEBUG] proc_run: proc->pgdir=0x804c9000, calling lsatp
[DEBUG] proc_run: proc->pgdir=0x804b1000, calling lsatp
[DEBUG] proc_run: proc->pgdir=0x805f9000, calling lsatp
[DEBUG] proc_run: proc->pgdir=0x804bf000, calling lsatp
[DEBUG] proc_run: proc->pgdir=0x805eb000, calling lsatp
[DEBUG] proc_run: proc->pgdir=0x805df000, calling lsatp
[DEBUG] proc_run: proc->pgdir=0x805d3000, calling lsatp
[DEBUG] proc_run: proc->pgdir=0x805c7000, calling lsatp
[DEBUG] proc_run: proc->pgdir=0x805ba000, calling lsatp
[DEBUG] proc_run: proc->pgdir=0x805ae000, calling lsatp
 [DEBUG] proc_run: proc->pgdir=0x805a2000, calling lsatp
a[DEBUG] proc_run: proc->pgdir=0x80596000, calling lsatp
h[DEBUG] proc_run: proc->pgdir=0x8058a000, calling lsatp
[DEBUG] proc_run: proc->pgdir=0x8057e000, calling lsatp
[DEBUG] proc_run: proc->pgdir=0x80572000, calling lsatp
 [DEBUG] proc_run: proc->pgdir=0x80566000, calling lsatp
[DEBUG] proc_run: proc->pgdir=0x80559000, calling lsatp
h[DEBUG] proc_run: proc->pgdir=0x8054d000, calling lsatp
d[DEBUG] proc_run: proc->pgdir=0x80541000, calling lsatp
[DEBUG] proc_run: proc->pgdir=0x80535000, calling lsatp
[DEBUG] proc_run: proc->pgdir=0x80529000, calling lsatp
[DEBUG] proc_run: proc->pgdir=0x8051d000, calling lsatp
[DEBUG] proc_run: proc->pgdir=0x80511000, calling lsatp
[DEBUG] proc_run: proc->pgdir=0x80505000, calling lsatp
[DEBUG] proc_run: proc->pgdir=0x804f9000, calling lsatp
[DEBUG] proc_run: proc->pgdir=0x804ed000, calling lsatp
[DEBUG] proc_run: proc->pgdir=0x804e1000, calling lsatp
[DEBUG] proc_run: proc->pgdir=0x804d5000, calling lsatp
[DEBUG] proc_run: proc->pgdir=0x804c9000, calling lsatp
[DEBUG] proc_run: proc->pgdir=0x804b1000, calling lsatp
[DEBUG] proc_run: proc->pgdir=0x805f9000, calling lsatp
100 ticks
[DEBUG] proc_run: proc->pgdir=0x804bf000, calling lsatp
[DEBUG] proc_run: proc->pgdir=0x805eb000, calling lsatp
[DEBUG] proc_run: proc->pgdir=0x805df000, calling lsatp
[DEBUG] proc_run: proc->pgdir=0x805d3000, calling lsatp
[DEBUG] proc_run: proc->pgdir=0x805c7000, calling lsatp
[DEBUG] proc_run: proc->pgdir=0x805ba000, calling lsatp
[DEBUG] proc_run: proc->pgdir=0x805ae000, calling lsatp
c[DEBUG] proc_run: proc->pgdir=0x805a2000, calling lsatp
m[DEBUG] proc_run: proc->pgdir=0x80596000, calling lsatp
[DEBUG] proc_run: proc->pgdir=0x8058a000, calling lsatp
[DEBUG] proc_run: proc->pgdir=0x8057e000, calling lsatp
I[DEBUG] proc_run: proc->pgdir=0x80572000, calling lsatp
c[DEBUG] proc_run: proc->pgdir=0x80566000, calling lsatp
[DEBUG] proc_run: proc->pgdir=0x80559000, calling lsatp
[DEBUG] proc_run: proc->pgdir=0x8054d000, calling lsatp
 [DEBUG] proc_run: proc->pgdir=0x80541000, calling lsatp
[DEBUG] proc_run: proc->pgdir=0x80535000, calling lsatp
[DEBUG] proc_run: proc->pgdir=0x80529000, calling lsatp
[DEBUG] proc_run: proc->pgdir=0x80511000, calling lsatp
[DEBUG] proc_run: proc->pgdir=0x80505000, calling lsatp
[DEBUG] proc_run: proc->pgdir=0x804f9000, calling lsatp
[DEBUG] proc_run: proc->pgdir=0x804ed000, calling lsatp
[DEBUG] proc_run: proc->pgdir=0x804e1000, calling lsatp
[DEBUG] proc_run: proc->pgdir=0x804d5000, calling lsatp
[DEBUG] proc_run: proc->pgdir=0x804c9000, calling lsatp
[DEBUG] proc_run: proc->pgdir=0x804b1000, calling lsatp
[DEBUG] proc_run: proc->pgdir=0x805f9000, calling lsatp
[DEBUG] proc_run: proc->pgdir=0x804bf000, calling lsatp
[DEBUG] proc_run: proc->pgdir=0x805eb000, calling lsatp
[DEBUG] proc_run: proc->pgdir=0x805df000, calling lsatp
[DEBUG] proc_run: proc->pgdir=0x805d3000, calling lsatp
[DEBUG] proc_run: proc->pgdir=0x805c7000, calling lsatp
[DEBUG] proc_run: proc->pgdir=0x805ba000, calling lsatp
I[DEBUG] proc_run: proc->pgdir=0x805ae000, calling lsatp
h[DEBUG] proc_run: proc->pgdir=0x805a2000, calling lsatp
[DEBUG] proc_run: proc->pgdir=0x80596000, calling lsatp
i[DEBUG] proc_run: proc->pgdir=0x8058a000, calling lsatp
 [DEBUG] proc_run: proc->pgdir=0x8057e000, calling lsatp
[DEBUG] proc_run: proc->pgdir=0x80572000, calling lsatp
h[DEBUG] proc_run: proc->pgdir=0x80566000, calling lsatp
[DEBUG] proc_run: proc->pgdir=0x80559000, calling lsatp
i[DEBUG] proc_run: proc->pgdir=0x8054d000, calling lsatp
[DEBUG] proc_run: proc->pgdir=0x80541000, calling lsatp
[DEBUG] proc_run: proc->pgdir=0x80535000, calling lsatp
[DEBUG] proc_run: proc->pgdir=0x80529000, calling lsatp
[DEBUG] proc_run: proc->pgdir=0x80511000, calling lsatp
[DEBUG] proc_run: proc->pgdir=0x80505000, calling lsatp
[DEBUG] proc_run: proc->pgdir=0x804f9000, calling lsatp
[DEBUG] proc_run: proc->pgdir=0x804ed000, calling lsatp
[DEBUG] proc_run: proc->pgdir=0x804e1000, calling lsatp
3[DEBUG] proc_run: proc->pgdir=0x804d5000, calling lsatp
[DEBUG] proc_run: proc->pgdir=0x804c9000, calling lsatp
[DEBUG] proc_run: proc->pgdir=0x804b1000, calling lsatp
[DEBUG] proc_run: proc->pgdir=0x805f9000, calling lsatp
[DEBUG] proc_run: proc->pgdir=0x804bf000, calling lsatp
[DEBUG] proc_run: proc->pgdir=0x805eb000, calling lsatp
[DEBUG] proc_run: proc->pgdir=0x805df000, calling lsatp
[DEBUG] proc_run: proc->pgdir=0x805d3000, calling lsatp
I[DEBUG] proc_run: proc->pgdir=0x805c7000, calling lsatp
[DEBUG] proc_run: proc->pgdir=0x805ba000, calling lsatp
[DEBUG] proc_run: proc->pgdir=0x805ae000, calling lsatp
i[DEBUG] proc_run: proc->pgdir=0x805a2000, calling lsatp
 [DEBUG] proc_run: proc->pgdir=0x80596000, calling lsatp
[DEBUG] proc_run: proc->pgdir=0x8058a000, calling lsatp
am [DEBUG] proc_run: proc->pgdir=0x8057e000, calling lsatp
[DEBUG] proc_run: proc->pgdir=0x80572000, calling lsatp
[DEBUG] proc_run: proc->pgdir=0x80566000, calling lsatp
[DEBUG] proc_run: proc->pgdir=0x80559000, calling lsatp
l[DEBUG] proc_run: proc->pgdir=0x8054d000, calling lsatp
[DEBUG] proc_run: proc->pgdir=0x80541000, calling lsatp
[DEBUG] proc_run: proc->pgdir=0x80535000, calling lsatp
[DEBUG] proc_run: proc->pgdir=0x80529000, calling lsatp
[DEBUG] proc_run: proc->pgdir=0x80511000, calling lsatp

[DEBUG] proc_run: proc->pgdir=0x804f9000, calling lsatp
[DEBUG] proc_run: proc->pgdir=0x804ed000, calling lsatp
[DEBUG] proc_run: proc->pgdir=0x804e1000, calling lsatp
[DEBUG] proc_run: proc->pgdir=0x804d5000, calling lsatp
[DEBUG] proc_run: proc->pgdir=0x804c9000, calling lsatp
[DEBUG] proc_run: proc->pgdir=0x804b1000, calling lsatp
[DEBUG] setup_pgdir: new pgdir=0xffffffffc0507000, boot_pgdir_va=0xffffffffc020a000
[DEBUG] copy_mm: mm->pgdir=0xffffffffc0507000 (before PADDR)
[DEBUG] copy_mm: proc->pgdir=0x80507000 (after PADDR)
[DEBUG] proc_run: proc->pgdir=0x80507000, calling lsatp
[DEBUG] proc_run: proc->pgdir=0x805f9000, calling lsatp
[DEBUG] proc_run: proc->pgdir=0x804bf000, calling lsatp
[DEBUG] proc_run: proc->pgdir=0x805eb000, calling lsatp
[DEBUG] proc_run: proc->pgdir=0x805df000, calling lsatp
[DEBUG] proc_run: proc->pgdir=0x805d3000, calling lsatp
[DEBUG] proc_run: proc->pgdir=0x805c7000, calling lsatp
I[DEBUG] proc_run: proc->pgdir=0x805ba000, calling lsatp
[DEBUG] proc_run: proc->pgdir=0x805ae000, calling lsatp
[DEBUG] proc_run: proc->pgdir=0x805a2000, calling lsatp
[DEBUG] proc_run: proc->pgdir=0x80596000, calling lsatp
l[DEBUG] proc_run: proc->pgdir=0x8058a000, calling lsatp
c[DEBUG] proc_run: proc->pgdir=0x8057e000, calling lsatp
 [DEBUG] proc_run: proc->pgdir=0x80572000, calling lsatp
i[DEBUG] proc_run: proc->pgdir=0x80566000, calling lsatp
[DEBUG] proc_run: proc->pgdir=0x80559000, calling lsatp
[DEBUG] proc_run: proc->pgdir=0x8054d000, calling lsatp
[DEBUG] proc_run: proc->pgdir=0x80541000, calling lsatp
[DEBUG] proc_run: proc->pgdir=0x80535000, calling lsatp
[DEBUG] proc_run: proc->pgdir=0x80529000, calling lsatp
[DEBUG] proc_run: proc->pgdir=0x80511000, calling lsatp
[DEBUG] proc_run: proc->pgdir=0x804f9000, calling lsatp
100 ticks
[DEBUG] proc_run: proc->pgdir=0x804ed000, calling lsatp
[DEBUG] proc_run: proc->pgdir=0x804e1000, calling lsatp
[DEBUG] proc_run: proc->pgdir=0x804d5000, calling lsatp
2[DEBUG] proc_run: proc->pgdir=0x804c9000, calling lsatp
[DEBUG] proc_run: proc->pgdir=0x804b1000, calling lsatp
[DEBUG] setup_pgdir: new pgdir=0xffffffffc0521000, boot_pgdir_va=0xffffffffc020a000
[DEBUG] copy_mm: mm->pgdir=0xffffffffc0521000 (before PADDR)
[DEBUG] copy_mm: proc->pgdir=0x80521000 (after PADDR)
[DEBUG] proc_run: proc->pgdir=0x80521000, calling lsatp
[DEBUG] proc_run: proc->pgdir=0x80507000, calling lsatp
[DEBUG] proc_run: proc->pgdir=0x805f9000, calling lsatp
[DEBUG] proc_run: proc->pgdir=0x804bf000, calling lsatp
[DEBUG] proc_run: proc->pgdir=0x805eb000, calling lsatp
[DEBUG] proc_run: proc->pgdir=0x805df000, calling lsatp
[DEBUG] proc_run: proc->pgdir=0x805d3000, calling lsatp
[DEBUG] proc_run: proc->pgdir=0x805c7000, calling lsatp
[DEBUG] proc_run: proc->pgdir=0x805ba000, calling lsatp
[DEBUG] proc_run: proc->pgdir=0x805ae000, calling lsatp
l[DEBUG] proc_run: proc->pgdir=0x805a2000, calling lsatp
c[DEBUG] proc_run: proc->pgdir=0x80596000, calling lsatp
[DEBUG] proc_run: proc->pgdir=0x8058a000, calling lsatp
h[DEBUG] proc_run: proc->pgdir=0x8057e000, calling lsatp
[DEBUG] proc_run: proc->pgdir=0x80572000, calling lsatp
l[DEBUG] proc_run: proc->pgdir=0x80566000, calling lsatp
[DEBUG] proc_run: proc->pgdir=0x80559000, calling lsatp
[DEBUG] proc_run: proc->pgdir=0x8054d000, calling lsatp
[DEBUG] proc_run: proc->pgdir=0x80541000, calling lsatp
1[DEBUG] proc_run: proc->pgdir=0x80535000, calling lsatp
[DEBUG] proc_run: proc->pgdir=0x80529000, calling lsatp
[DEBUG] proc_run: proc->pgdir=0x80511000, calling lsatp
[DEBUG] proc_run: proc->pgdir=0x804f9000, calling lsatp
[DEBUG] proc_run: proc->pgdir=0x804ed000, calling lsatp
[DEBUG] proc_run: proc->pgdir=0x804e1000, calling lsatp
[DEBUG] proc_run: proc->pgdir=0x804d5000, calling lsatp
[DEBUG] proc_run: proc->pgdir=0x804c9000, calling lsatp
[DEBUG] proc_run: proc->pgdir=0x804b1000, calling lsatp
[DEBUG] proc_run: proc->pgdir=0x80521000, calling lsatp
[DEBUG] proc_run: proc->pgdir=0x80507000, calling lsatp
[DEBUG] proc_run: proc->pgdir=0x805f9000, calling lsatp
[DEBUG] proc_run: proc->pgdir=0x804bf000, calling lsatp
[DEBUG] proc_run: proc->pgdir=0x805eb000, calling lsatp
I[DEBUG] proc_run: proc->pgdir=0x805df000, calling lsatp
[DEBUG] proc_run: proc->pgdir=0x805d3000, calling lsatp
 [DEBUG] proc_run: proc->pgdir=0x805c7000, calling lsatp
[DEBUG] proc_run: proc->pgdir=0x805ba000, calling lsatp
 [DEBUG] proc_run: proc->pgdir=0x805ae000, calling lsatp
d[DEBUG] proc_run: proc->pgdir=0x805a2000, calling lsatp
[DEBUG] proc_run: proc->pgdir=0x80596000, calling lsatp
d [DEBUG] proc_run: proc->pgdir=0x8058a000, calling lsatp
[DEBUG] proc_run: proc->pgdir=0x8057e000, calling lsatp
am child [DEBUG] proc_run: proc->pgdir=0x80572000, calling lsatp
d[DEBUG] proc_run: proc->pgdir=0x80566000, calling lsatp
[DEBUG] proc_run: proc->pgdir=0x80559000, calling lsatp
d[DEBUG] proc_run: proc->pgdir=0x8054d000, calling lsatp
[DEBUG] proc_run: proc->pgdir=0x80541000, calling lsatp
1[DEBUG] proc_run: proc->pgdir=0x80535000, calling lsatp
[DEBUG] proc_run: proc->pgdir=0x80529000, calling lsatp
[DEBUG] proc_run: proc->pgdir=0x80511000, calling lsatp
[DEBUG] proc_run: proc->pgdir=0x804f9000, calling lsatp
[DEBUG] proc_run: proc->pgdir=0x804ed000, calling lsatp
[DEBUG] proc_run: proc->pgdir=0x804e1000, calling lsatp
[DEBUG] proc_run: proc->pgdir=0x804d5000, calling lsatp
[DEBUG] proc_run: proc->pgdir=0x804c9000, calling lsatp
[DEBUG] proc_run: proc->pgdir=0x804b1000, calling lsatp
[DEBUG] setup_pgdir: new pgdir=0xffffffffc060a000, boot_pgdir_va=0xffffffffc020a000
[DEBUG] copy_mm: mm->pgdir=0xffffffffc060a000 (before PADDR)
[DEBUG] copy_mm: proc->pgdir=0x8060a000 (after PADDR)
[DEBUG] proc_run: proc->pgdir=0x8060a000, calling lsatp
[DEBUG] proc_run: proc->pgdir=0x80521000, calling lsatp
[DEBUG] proc_run: proc->pgdir=0x80507000, calling lsatp
[DEBUG] proc_run: proc->pgdir=0x805f9000, calling lsatp
[DEBUG] proc_run: proc->pgdir=0x804bf000, calling lsatp
[DEBUG] proc_run: proc->pgdir=0x805eb000, calling lsatp
[DEBUG] proc_run: proc->pgdir=0x805df000, calling lsatp
[DEBUG] proc_run: proc->pgdir=0x805d3000, calling lsatp
a[DEBUG] proc_run: proc->pgdir=0x805c7000, calling lsatp
[DEBUG] proc_run: proc->pgdir=0x805ba000, calling lsatp
a[DEBUG] proc_run: proc->pgdir=0x805ae000, calling lsatp
[DEBUG] proc_run: proc->pgdir=0x805a2000, calling lsatp
h[DEBUG] proc_run: proc->pgdir=0x80596000, calling lsatp
[DEBUG] proc_run: proc->pgdir=0x8058a000, calling lsatp
i[DEBUG] proc_run: proc->pgdir=0x8057e000, calling lsatp
[DEBUG] proc_run: proc->pgdir=0x80572000, calling lsatp
 [DEBUG] proc_run: proc->pgdir=0x80566000, calling lsatp
[DEBUG] proc_run: proc->pgdir=0x80559000, calling lsatp
 [DEBUG] proc_run: proc->pgdir=0x8054d000, calling lsatp
[DEBUG] proc_run: proc->pgdir=0x80541000, calling lsatp
[DEBUG] proc_run: proc->pgdir=0x80535000, calling lsatp
[DEBUG] proc_run: proc->pgdir=0x80529000, calling lsatp
[DEBUG] proc_run: proc->pgdir=0x80511000, calling lsatp
[DEBUG] proc_run: proc->pgdir=0x804f9000, calling lsatp
[DEBUG] proc_run: proc->pgdir=0x804ed000, calling lsatp
[DEBUG] proc_run: proc->pgdir=0x804e1000, calling lsatp

[DEBUG] proc_run: proc->pgdir=0x804d5000, calling lsatp
[DEBUG] proc_run: proc->pgdir=0x804c9000, calling lsatp
[DEBUG] proc_run: proc->pgdir=0x804b1000, calling lsatp
[DEBUG] proc_run: proc->pgdir=0x8060a000, calling lsatp
[DEBUG] proc_run: proc->pgdir=0x80521000, calling lsatp
[DEBUG] proc_run: proc->pgdir=0x80507000, calling lsatp
[DEBUG] proc_run: proc->pgdir=0x805f9000, calling lsatp
[DEBUG] proc_run: proc->pgdir=0x804bf000, calling lsatp
[DEBUG] proc_run: proc->pgdir=0x805eb000, calling lsatp
[DEBUG] proc_run: proc->pgdir=0x805df000, calling lsatp
I[DEBUG] proc_run: proc->pgdir=0x805d3000, calling lsatp
m[DEBUG] proc_run: proc->pgdir=0x805c7000, calling lsatp
 [DEBUG] proc_run: proc->pgdir=0x805ba000, calling lsatp
100 ticks
