
OpenSBI v0.4 (Jul  2 2019 11:53:53)
   ____                    _____ ____ _____
  / __ \                  / ____|  _ \_   _|
 | |  | |_ __   ___ _ __ | (___ | |_) || |
 | |  | | '_ \ / _ \ '_ \ \___ \|  _ < | |
 | |__| | |_) |  __/ | | |____) | |_) || |_
  \____/| .__/ \___|_| |_|_____/|____/_____|
        | |
        |_|

Platform Name          : QEMU Virt Machine
Platform HART Features : RV64ACDFIMSU
Platform Max HARTs     : 8
Current Hart           : 0
Firmware Base          : 0x80000000
Firmware Size          : 112 KB
Runtime SBI Version    : 0.1

PMP0: 0x0000000080000000-0x000000008001ffff (A)
PMP1: 0x0000000000000000-0xffffffffffffffff (A,R,W,X)
DTB Init
HartID: 0
DTB Address: 0x82200000
Physical Memory from DTB:
  Base: 0x0000000080000000
  Size: 0x0000000008000000 (128 MB)
  End:  0x0000000087ffffff
DTB init completed
(THU.CST) os is loading ...

Special kernel symbols:
  entry  0xc020004a (virtual)
  etext  0xc02057b8 (virtual)
  edata  0xc02a6250 (virtual)
  end    0xc02aa6fc (virtual)
Kernel executable memory footprint: 682KB
memory management: default_pmm_manager
physcial memory map:
  memory: 0x08000000, [0x80000000, 0x87ffffff].
vapaofset is 18446744070488326144
check_alloc_page() succeeded!
check_pgdir() succeeded!
check_boot_pgdir() succeeded!
use SLOB allocator
kmalloc_init() succeeded!
check_vma_struct() succeeded!
check_vmm() succeeded.
++ setup timer interrupts
[DEBUG] proc_run: proc->pgdir=0x8020a000, calling lsatp
[DEBUG] proc_run: proc->pgdir=0x8020a000, calling lsatp
kernel_execve: pid = 2, name = "softint".
Breakpoint
[DEBUG] setup_pgdir: page=0xffffffffc02bdc40, pgdir(kva)=0xffffffffc04b1000
[DEBUG] setup_pgdir: mm->pgdir=0xffffffffc04b1000
[DEBUG] load_icode: mm->pgdir=0xffffffffc04b1000 (before PADDR)
[DEBUG] load_icode: current->pgdir=0x804b1000 (after PADDR)
[DEBUG] proc_run: proc->pgdir=0x8020a000, calling lsatp
all user-mode processes have quit.
init check memory pass.
kernel panic at kern/process/proc.c:528:
    initproc exit.

